<?xml version="1.0" encoding="UTF-8"?>
<coverage generated="1743211907972" clover="3.2.0">
  <project timestamp="1743211907972" name="All files">
    <metrics statements="31" coveredstatements="28" conditionals="18" coveredconditionals="17" methods="3" coveredmethods="2" elements="52" coveredelements="47" complexity="0" loc="31" ncloc="31" packages="1" files="2" classes="2"/>
    <file name="index.ts" path="/Users/smanor/Development/code/personal/roman-numeral-converter/backend/index.ts">
      <metrics statements="19" coveredstatements="16" conditionals="12" coveredconditionals="11" methods="2" coveredmethods="1"/>
      <line num="1" count="1" type="stmt"/>
      <line num="4" count="1" type="stmt"/>
      <line num="6" count="1" type="stmt"/>
      <line num="7" count="8" type="stmt"/>
      <line num="9" count="8" type="cond" truecount="2" falsecount="0"/>
      <line num="10" count="1" type="stmt"/>
      <line num="11" count="1" type="stmt"/>
      <line num="15" count="7" type="stmt"/>
      <line num="16" count="7" type="cond" truecount="4" falsecount="0"/>
      <line num="17" count="2" type="stmt"/>
      <line num="18" count="2" type="stmt"/>
      <line num="22" count="5" type="cond" truecount="4" falsecount="0"/>
      <line num="23" count="2" type="stmt"/>
      <line num="24" count="2" type="stmt"/>
      <line num="27" count="3" type="stmt"/>
      <line num="31" count="1" type="cond" truecount="1" falsecount="1"/>
      <line num="32" count="0" type="stmt"/>
      <line num="33" count="0" type="stmt"/>
      <line num="34" count="0" type="stmt"/>
    </file>
    <file name="toRoman.ts" path="/Users/smanor/Development/code/personal/roman-numeral-converter/backend/toRoman.ts">
      <metrics statements="12" coveredstatements="12" conditionals="6" coveredconditionals="6" methods="1" coveredmethods="1"/>
      <line num="6" count="2" type="stmt"/>
      <line num="8" count="14" type="cond" truecount="4" falsecount="0"/>
      <line num="9" count="3" type="stmt"/>
      <line num="13" count="11" type="cond" truecount="2" falsecount="0"/>
      <line num="14" count="1" type="stmt"/>
      <line num="17" count="10" type="stmt"/>
      <line num="33" count="10" type="stmt"/>
      <line num="34" count="10" type="stmt"/>
      <line num="35" count="130" type="stmt"/>
      <line num="36" count="36" type="stmt"/>
      <line num="37" count="36" type="stmt"/>
      <line num="41" count="10" type="stmt"/>
    </file>
  </project>
</coverage>
