{"/Users/smanor/Development/code/personal/roman-numeral-converter/backend/index.ts": {"path":"/Users/smanor/Development/code/personal/roman-numeral-converter/backend/index.ts","statementMap":{"0":{"start":{"line":1,"column":16},"end":{"line":1,"column":34}},"1":{"start":{"line":5,"column":13},"end":{"line":5,"column":28}},"2":{"start":{"line":9,"column":0},"end":{"line":14,"column":3}},"3":{"start":{"line":16,"column":12},"end":{"line":16,"column":21}},"4":{"start":{"line":17,"column":0},"end":{"line":17,"column":16}},"5":{"start":{"line":19,"column":0},"end":{"line":19,"column":23}},"6":{"start":{"line":21,"column":0},"end":{"line":72,"column":3}},"7":{"start":{"line":22,"column":16},"end":{"line":22,"column":35}},"8":{"start":{"line":25,"column":2},"end":{"line":28,"column":3}},"9":{"start":{"line":26,"column":4},"end":{"line":26,"column":48}},"10":{"start":{"line":27,"column":4},"end":{"line":27,"column":11}},"11":{"start":{"line":31,"column":2},"end":{"line":34,"column":3}},"12":{"start":{"line":32,"column":4},"end":{"line":32,"column":48}},"13":{"start":{"line":33,"column":4},"end":{"line":33,"column":11}},"14":{"start":{"line":36,"column":17},"end":{"line":36,"column":32}},"15":{"start":{"line":51,"column":2},"end":{"line":54,"column":3}},"16":{"start":{"line":52,"column":4},"end":{"line":52,"column":67}},"17":{"start":{"line":53,"column":4},"end":{"line":53,"column":11}},"18":{"start":{"line":57,"column":2},"end":{"line":61,"column":3}},"19":{"start":{"line":58,"column":4},"end":{"line":58,"column":49}},"20":{"start":{"line":60,"column":4},"end":{"line":60,"column":69}},"21":{"start":{"line":64,"column":23},"end":{"line":64,"column":38}},"22":{"start":{"line":67,"column":2},"end":{"line":67,"column":33}},"23":{"start":{"line":68,"column":2},"end":{"line":68,"column":48}},"24":{"start":{"line":71,"column":2},"end":{"line":71,"column":66}},"25":{"start":{"line":74,"column":0},"end":{"line":74,"column":37}},"26":{"start":{"line":77,"column":0},"end":{"line":82,"column":1}},"27":{"start":{"line":78,"column":15},"end":{"line":78,"column":19}},"28":{"start":{"line":79,"column":2},"end":{"line":81,"column":5}},"29":{"start":{"line":80,"column":4},"end":{"line":80,"column":65}}},"fnMap":{"0":{"name":"(anonymous_0)","decl":{"start":{"line":21,"column":25},"end":{"line":21,"column":26}},"loc":{"start":{"line":21,"column":67},"end":{"line":72,"column":1}},"line":21},"1":{"name":"(anonymous_1)","decl":{"start":{"line":79,"column":19},"end":{"line":79,"column":20}},"loc":{"start":{"line":79,"column":25},"end":{"line":81,"column":3}},"line":79}},"branchMap":{"0":{"loc":{"start":{"line":25,"column":2},"end":{"line":28,"column":3}},"type":"if","locations":[{"start":{"line":25,"column":2},"end":{"line":28,"column":3}},{"start":{},"end":{}}],"line":25},"1":{"loc":{"start":{"line":31,"column":2},"end":{"line":34,"column":3}},"type":"if","locations":[{"start":{"line":31,"column":2},"end":{"line":34,"column":3}},{"start":{},"end":{}}],"line":31},"2":{"loc":{"start":{"line":51,"column":2},"end":{"line":54,"column":3}},"type":"if","locations":[{"start":{"line":51,"column":2},"end":{"line":54,"column":3}},{"start":{},"end":{}}],"line":51},"3":{"loc":{"start":{"line":51,"column":6},"end":{"line":51,"column":33}},"type":"binary-expr","locations":[{"start":{"line":51,"column":6},"end":{"line":51,"column":16}},{"start":{"line":51,"column":20},"end":{"line":51,"column":33}}],"line":51},"4":{"loc":{"start":{"line":57,"column":2},"end":{"line":61,"column":3}},"type":"if","locations":[{"start":{"line":57,"column":2},"end":{"line":61,"column":3}},{"start":{},"end":{}}],"line":57},"5":{"loc":{"start":{"line":77,"column":0},"end":{"line":82,"column":1}},"type":"if","locations":[{"start":{"line":77,"column":0},"end":{"line":82,"column":1}},{"start":{},"end":{}}],"line":77}},"s":{"0":1,"1":1,"2":1,"3":1,"4":1,"5":1,"6":1,"7":11,"8":11,"9":1,"10":1,"11":10,"12":5,"13":5,"14":5,"15":5,"16":2,"17":2,"18":3,"19":0,"20":0,"21":3,"22":3,"23":3,"24":3,"25":1,"26":1,"27":0,"28":0,"29":0},"f":{"0":11,"1":0},"b":{"0":[1,10],"1":[5,5],"2":[2,3],"3":[5,4],"4":[0,3],"5":[0,1]},"_coverageSchema":"1a1c01bbd47fc00a2c39e90264f33305004495a9","hash":"cf9f2c56f115083426244f7499f5b76d4f9a675d"}
,"/Users/smanor/Development/code/personal/roman-numeral-converter/backend/toRoman.ts": {"path":"/Users/smanor/Development/code/personal/roman-numeral-converter/backend/toRoman.ts","statementMap":{"0":{"start":{"line":6,"column":23},"end":{"line":42,"column":1}},"1":{"start":{"line":8,"column":2},"end":{"line":10,"column":3}},"2":{"start":{"line":9,"column":4},"end":{"line":9,"column":57}},"3":{"start":{"line":13,"column":2},"end":{"line":15,"column":3}},"4":{"start":{"line":14,"column":4},"end":{"line":14,"column":49}},"5":{"start":{"line":17,"column":24},"end":{"line":31,"column":3}},"6":{"start":{"line":33,"column":15},"end":{"line":33,"column":17}},"7":{"start":{"line":34,"column":2},"end":{"line":39,"column":3}},"8":{"start":{"line":35,"column":4},"end":{"line":38,"column":5}},"9":{"start":{"line":36,"column":6},"end":{"line":36,"column":24}},"10":{"start":{"line":37,"column":6},"end":{"line":37,"column":22}},"11":{"start":{"line":41,"column":2},"end":{"line":41,"column":16}}},"fnMap":{"0":{"name":"(anonymous_0)","decl":{"start":{"line":6,"column":23},"end":{"line":6,"column":24}},"loc":{"start":{"line":6,"column":51},"end":{"line":42,"column":1}},"line":6}},"branchMap":{"0":{"loc":{"start":{"line":8,"column":2},"end":{"line":10,"column":3}},"type":"if","locations":[{"start":{"line":8,"column":2},"end":{"line":10,"column":3}},{"start":{},"end":{}}],"line":8},"1":{"loc":{"start":{"line":8,"column":6},"end":{"line":8,"column":33}},"type":"binary-expr","locations":[{"start":{"line":8,"column":6},"end":{"line":8,"column":16}},{"start":{"line":8,"column":20},"end":{"line":8,"column":33}}],"line":8},"2":{"loc":{"start":{"line":13,"column":2},"end":{"line":15,"column":3}},"type":"if","locations":[{"start":{"line":13,"column":2},"end":{"line":15,"column":3}},{"start":{},"end":{}}],"line":13}},"s":{"0":2,"1":17,"2":3,"3":14,"4":1,"5":13,"6":13,"7":13,"8":169,"9":49,"10":49,"11":13},"f":{"0":17},"b":{"0":[3,14],"1":[17,15],"2":[1,13]},"_coverageSchema":"1a1c01bbd47fc00a2c39e90264f33305004495a9","hash":"3247bffda90585a7d7ef40085604512147a0c489"}
,"/Users/smanor/Development/code/personal/roman-numeral-converter/backend/utils/cache.ts": {"path":"/Users/smanor/Development/code/personal/roman-numeral-converter/backend/utils/cache.ts","statementMap":{"0":{"start":{"line":3,"column":16},"end":{"line":6,"column":1}},"1":{"start":{"line":13,"column":14},"end":{"line":13,"column":35}}},"fnMap":{},"branchMap":{},"s":{"0":1,"1":1},"f":{},"b":{},"_coverageSchema":"1a1c01bbd47fc00a2c39e90264f33305004495a9","hash":"902d85ac5a4f1032eab9378b4046d4e6aeb15977"}
,"/Users/smanor/Development/code/personal/roman-numeral-converter/backend/utils/middleware.ts": {"path":"/Users/smanor/Development/code/personal/roman-numeral-converter/backend/utils/middleware.ts","statementMap":{"0":{"start":{"line":4,"column":56},"end":{"line":4,"column":70}},"1":{"start":{"line":7,"column":22},"end":{"line":27,"column":2}},"2":{"start":{"line":16,"column":8},"end":{"line":18,"column":48}},"3":{"start":{"line":30,"column":29},"end":{"line":41,"column":1}},"4":{"start":{"line":35,"column":2},"end":{"line":39,"column":5}},"5":{"start":{"line":40,"column":2},"end":{"line":40,"column":9}}},"fnMap":{"0":{"name":"(anonymous_0)","decl":{"start":{"line":15,"column":6},"end":{"line":15,"column":7}},"loc":{"start":{"line":16,"column":8},"end":{"line":18,"column":48}},"line":16},"1":{"name":"(anonymous_1)","decl":{"start":{"line":30,"column":29},"end":{"line":30,"column":30}},"loc":{"start":{"line":34,"column":5},"end":{"line":41,"column":1}},"line":34}},"branchMap":{},"s":{"0":1,"1":1,"2":11,"3":1,"4":11,"5":11},"f":{"0":11,"1":11},"b":{},"_coverageSchema":"1a1c01bbd47fc00a2c39e90264f33305004495a9","hash":"422b3088da7d2aa27c9b0db26b8ea7deb26f889d"}
}
