{"/Users/smanor/Development/code/personal/roman-numeral-converter/backend/index.ts": {"path":"/Users/smanor/Development/code/personal/roman-numeral-converter/backend/index.ts","statementMap":{"0":{"start":{"line":1,"column":16},"end":{"line":1,"column":34}},"1":{"start":{"line":4,"column":16},"end":{"line":4,"column":34}},"2":{"start":{"line":5,"column":56},"end":{"line":5,"column":70}},"3":{"start":{"line":6,"column":13},"end":{"line":6,"column":28}},"4":{"start":{"line":8,"column":12},"end":{"line":8,"column":21}},"5":{"start":{"line":9,"column":0},"end":{"line":9,"column":16}},"6":{"start":{"line":12,"column":15},"end":{"line":36,"column":2}},"7":{"start":{"line":27,"column":8},"end":{"line":27,"column":117}},"8":{"start":{"line":39,"column":0},"end":{"line":46,"column":3}},"9":{"start":{"line":40,"column":2},"end":{"line":44,"column":5}},"10":{"start":{"line":45,"column":2},"end":{"line":45,"column":9}},"11":{"start":{"line":48,"column":0},"end":{"line":78,"column":3}},"12":{"start":{"line":49,"column":16},"end":{"line":49,"column":35}},"13":{"start":{"line":52,"column":2},"end":{"line":55,"column":3}},"14":{"start":{"line":53,"column":4},"end":{"line":53,"column":48}},"15":{"start":{"line":54,"column":4},"end":{"line":54,"column":11}},"16":{"start":{"line":57,"column":17},"end":{"line":57,"column":32}},"17":{"start":{"line":60,"column":2},"end":{"line":63,"column":3}},"18":{"start":{"line":61,"column":4},"end":{"line":61,"column":59}},"19":{"start":{"line":62,"column":4},"end":{"line":62,"column":11}},"20":{"start":{"line":66,"column":2},"end":{"line":69,"column":3}},"21":{"start":{"line":67,"column":4},"end":{"line":67,"column":48}},"22":{"start":{"line":68,"column":4},"end":{"line":68,"column":11}},"23":{"start":{"line":72,"column":2},"end":{"line":75,"column":3}},"24":{"start":{"line":73,"column":4},"end":{"line":73,"column":67}},"25":{"start":{"line":74,"column":4},"end":{"line":74,"column":11}},"26":{"start":{"line":77,"column":2},"end":{"line":77,"column":66}},"27":{"start":{"line":81,"column":0},"end":{"line":86,"column":1}},"28":{"start":{"line":82,"column":15},"end":{"line":82,"column":19}},"29":{"start":{"line":83,"column":2},"end":{"line":85,"column":5}},"30":{"start":{"line":84,"column":4},"end":{"line":84,"column":65}}},"fnMap":{"0":{"name":"(anonymous_0)","decl":{"start":{"line":19,"column":6},"end":{"line":19,"column":7}},"loc":{"start":{"line":27,"column":8},"end":{"line":27,"column":117}},"line":27},"1":{"name":"(anonymous_1)","decl":{"start":{"line":39,"column":8},"end":{"line":39,"column":9}},"loc":{"start":{"line":39,"column":70},"end":{"line":46,"column":1}},"line":39},"2":{"name":"(anonymous_2)","decl":{"start":{"line":48,"column":25},"end":{"line":48,"column":26}},"loc":{"start":{"line":48,"column":67},"end":{"line":78,"column":1}},"line":48},"3":{"name":"(anonymous_3)","decl":{"start":{"line":83,"column":19},"end":{"line":83,"column":20}},"loc":{"start":{"line":83,"column":25},"end":{"line":85,"column":3}},"line":83}},"branchMap":{"0":{"loc":{"start":{"line":52,"column":2},"end":{"line":55,"column":3}},"type":"if","locations":[{"start":{"line":52,"column":2},"end":{"line":55,"column":3}},{"start":{},"end":{}}],"line":52},"1":{"loc":{"start":{"line":60,"column":2},"end":{"line":63,"column":3}},"type":"if","locations":[{"start":{"line":60,"column":2},"end":{"line":63,"column":3}},{"start":{},"end":{}}],"line":60},"2":{"loc":{"start":{"line":66,"column":2},"end":{"line":69,"column":3}},"type":"if","locations":[{"start":{"line":66,"column":2},"end":{"line":69,"column":3}},{"start":{},"end":{}}],"line":66},"3":{"loc":{"start":{"line":72,"column":2},"end":{"line":75,"column":3}},"type":"if","locations":[{"start":{"line":72,"column":2},"end":{"line":75,"column":3}},{"start":{},"end":{}}],"line":72},"4":{"loc":{"start":{"line":72,"column":6},"end":{"line":72,"column":33}},"type":"binary-expr","locations":[{"start":{"line":72,"column":6},"end":{"line":72,"column":16}},{"start":{"line":72,"column":20},"end":{"line":72,"column":33}}],"line":72},"5":{"loc":{"start":{"line":81,"column":0},"end":{"line":86,"column":1}},"type":"if","locations":[{"start":{"line":81,"column":0},"end":{"line":86,"column":1}},{"start":{},"end":{}}],"line":81}},"s":{"0":1,"1":1,"2":1,"3":1,"4":1,"5":1,"6":1,"7":8,"8":1,"9":8,"10":8,"11":1,"12":8,"13":8,"14":1,"15":1,"16":7,"17":7,"18":1,"19":1,"20":6,"21":1,"22":1,"23":5,"24":2,"25":2,"26":3,"27":1,"28":0,"29":0,"30":0},"f":{"0":8,"1":8,"2":8,"3":0},"b":{"0":[1,7],"1":[1,6],"2":[1,5],"3":[2,3],"4":[5,4],"5":[0,1]},"_coverageSchema":"1a1c01bbd47fc00a2c39e90264f33305004495a9","hash":"860e5cd67851bf437b62727b6f827dcb37c3e2c4"}
,"/Users/smanor/Development/code/personal/roman-numeral-converter/backend/toRoman.ts": {"path":"/Users/smanor/Development/code/personal/roman-numeral-converter/backend/toRoman.ts","statementMap":{"0":{"start":{"line":6,"column":23},"end":{"line":42,"column":1}},"1":{"start":{"line":8,"column":2},"end":{"line":10,"column":3}},"2":{"start":{"line":9,"column":4},"end":{"line":9,"column":57}},"3":{"start":{"line":13,"column":2},"end":{"line":15,"column":3}},"4":{"start":{"line":14,"column":4},"end":{"line":14,"column":49}},"5":{"start":{"line":17,"column":24},"end":{"line":31,"column":3}},"6":{"start":{"line":33,"column":15},"end":{"line":33,"column":17}},"7":{"start":{"line":34,"column":2},"end":{"line":39,"column":3}},"8":{"start":{"line":35,"column":4},"end":{"line":38,"column":5}},"9":{"start":{"line":36,"column":6},"end":{"line":36,"column":24}},"10":{"start":{"line":37,"column":6},"end":{"line":37,"column":22}},"11":{"start":{"line":41,"column":2},"end":{"line":41,"column":16}}},"fnMap":{"0":{"name":"(anonymous_0)","decl":{"start":{"line":6,"column":23},"end":{"line":6,"column":24}},"loc":{"start":{"line":6,"column":51},"end":{"line":42,"column":1}},"line":6}},"branchMap":{"0":{"loc":{"start":{"line":8,"column":2},"end":{"line":10,"column":3}},"type":"if","locations":[{"start":{"line":8,"column":2},"end":{"line":10,"column":3}},{"start":{},"end":{}}],"line":8},"1":{"loc":{"start":{"line":8,"column":6},"end":{"line":8,"column":33}},"type":"binary-expr","locations":[{"start":{"line":8,"column":6},"end":{"line":8,"column":16}},{"start":{"line":8,"column":20},"end":{"line":8,"column":33}}],"line":8},"2":{"loc":{"start":{"line":13,"column":2},"end":{"line":15,"column":3}},"type":"if","locations":[{"start":{"line":13,"column":2},"end":{"line":15,"column":3}},{"start":{},"end":{}}],"line":13}},"s":{"0":2,"1":14,"2":3,"3":11,"4":1,"5":10,"6":10,"7":10,"8":130,"9":36,"10":36,"11":10},"f":{"0":14},"b":{"0":[3,11],"1":[14,12],"2":[1,10]},"_coverageSchema":"1a1c01bbd47fc00a2c39e90264f33305004495a9","hash":"3247bffda90585a7d7ef40085604512147a0c489"}
}
