TN:
SF:index.ts
FN:6,(anonymous_0)
FN:33,(anonymous_1)
FNF:2
FNH:1
FNDA:8,(anonymous_0)
FNDA:0,(anonymous_1)
DA:1,1
DA:4,1
DA:6,1
DA:7,8
DA:9,8
DA:10,1
DA:11,1
DA:15,7
DA:16,7
DA:17,2
DA:18,2
DA:22,5
DA:23,2
DA:24,2
DA:27,3
DA:31,1
DA:32,0
DA:33,0
DA:34,0
LF:19
LH:16
BRDA:9,0,0,1
BRDA:9,0,1,7
BRDA:16,1,0,2
BRDA:16,1,1,5
BRDA:16,2,0,7
BRDA:16,2,1,6
BRDA:22,3,0,2
BRDA:22,3,1,3
BRDA:22,4,0,5
BRDA:22,4,1,4
BRDA:31,5,0,0
BRDA:31,5,1,1
BRF:12
BRH:11
end_of_record
TN:
SF:toRoman.ts
FN:6,(anonymous_0)
FNF:1
FNH:1
FNDA:22,(anonymous_0)
DA:6,2
DA:8,22
DA:9,3
DA:12,19
DA:28,19
DA:29,19
DA:30,247
DA:31,41
DA:32,41
DA:36,19
LF:10
LH:10
BRDA:8,0,0,3
BRDA:8,0,1,19
BRDA:8,1,0,22
BRDA:8,1,1,20
BRF:4
BRH:4
end_of_record
