TN:
SF:index.ts
FN:21,(anonymous_0)
FN:79,(anonymous_1)
FNF:2
FNH:1
FNDA:11,(anonymous_0)
FNDA:0,(anonymous_1)
DA:1,1
DA:5,1
DA:9,1
DA:16,1
DA:17,1
DA:19,1
DA:21,1
DA:22,11
DA:25,11
DA:26,1
DA:27,1
DA:31,10
DA:32,5
DA:33,5
DA:36,5
DA:51,5
DA:52,2
DA:53,2
DA:57,3
DA:58,0
DA:60,0
DA:64,3
DA:67,3
DA:68,3
DA:71,3
DA:74,1
DA:77,1
DA:78,0
DA:79,0
DA:80,0
LF:30
LH:25
BRDA:25,0,0,1
BRDA:25,0,1,10
BRDA:31,1,0,5
BRDA:31,1,1,5
BRDA:51,2,0,2
BRDA:51,2,1,3
BRDA:51,3,0,5
BRDA:51,3,1,4
BRDA:57,4,0,0
BRDA:57,4,1,3
BRDA:77,5,0,0
BRDA:77,5,1,1
BRF:12
BRH:10
end_of_record
TN:
SF:toRoman.ts
FN:6,(anonymous_0)
FNF:1
FNH:1
FNDA:17,(anonymous_0)
DA:6,2
DA:8,17
DA:9,3
DA:13,14
DA:14,1
DA:17,13
DA:33,13
DA:34,13
DA:35,169
DA:36,49
DA:37,49
DA:41,13
LF:12
LH:12
BRDA:8,0,0,3
BRDA:8,0,1,14
BRDA:8,1,0,17
BRDA:8,1,1,15
BRDA:13,2,0,1
BRDA:13,2,1,13
BRF:6
BRH:6
end_of_record
TN:
SF:utils/cache.ts
FNF:0
FNH:0
DA:3,1
DA:13,1
LF:2
LH:2
BRF:0
BRH:0
end_of_record
TN:
SF:utils/middleware.ts
FN:15,(anonymous_0)
FN:30,(anonymous_1)
FNF:2
FNH:2
FNDA:11,(anonymous_0)
FNDA:11,(anonymous_1)
DA:4,1
DA:7,1
DA:16,11
DA:30,1
DA:35,11
DA:40,11
LF:6
LH:6
BRF:0
BRH:0
end_of_record
